[2016-03-21 16:07:51.797] [DEBUG] db - Mongodb connection callback
[2016-03-21 16:07:51.798] [INFO] db - Connection established !
[2016-03-21 16:45:33.563] [INFO] loadAddress - Dummy address obejct load successfully
[2016-03-21 16:47:59.622] [DEBUG] storeController - Inside getstores method
[2016-03-21 16:49:57.614] [DEBUG] storeController - Inside getstores method
[2016-03-21 16:50:25.772] [DEBUG] storeController - Inside getstores method
[2016-03-21 16:57:15.192] [DEBUG] storeController - Inside getstores method
[2016-03-21 16:58:36.269] [DEBUG] storeController - Inside getstores method
[2016-03-21 17:00:06.427] [DEBUG] storeController - Inside getstores method
[2016-03-21 17:00:24.378] [DEBUG] storeController - Inside getstores method
[2016-03-21 17:00:35.426] [DEBUG] storeController - Inside getstores method
[2016-03-21 17:24:34.142] [DEBUG] storeController - Inside getstores method
[2016-03-21 17:27:22.308] [DEBUG] storeController - Inside getstores method
[2016-03-21 17:27:27.440] [DEBUG] storeController - Inside getstores method
[2016-03-21 17:27:34.819] [DEBUG] storeController - Inside getstores method
[2016-03-21 17:27:46.682] [DEBUG] storeController - Inside getstores method
[2016-03-21 17:27:55.450] [DEBUG] storeController - Inside getstores method
[2016-03-21 17:31:12.670] [DEBUG] storeController - Inside getstores method
[2016-03-21 17:32:08.817] [DEBUG] db - Mongodb connection callback
[2016-03-21 17:32:08.819] [INFO] db - Connection established !
[2016-03-21 17:32:30.314] [DEBUG] storeController - Inside getstores method
[2016-03-21 17:32:56.149] [DEBUG] storeController - Inside getstores method
[2016-03-21 17:33:50.121] [DEBUG] storeController - Inside getstores method
[2016-03-21 17:34:08.105] [DEBUG] storeController - Inside getstores method
[2016-03-21 17:34:51.681] [DEBUG] storeController - Inside getstores method
[2016-03-21 17:35:09.803] [DEBUG] storeController - Inside getstores method
[2016-03-21 17:35:41.151] [DEBUG] db - Mongodb connection callback
[2016-03-21 17:35:41.152] [INFO] db - Connection established !
[2016-03-21 17:35:44.783] [DEBUG] storeController - Inside getstores method
[2016-03-21 18:00:23.781] [DEBUG] db - Mongodb connection callback
[2016-03-21 18:00:23.782] [INFO] db - Connection established !
[2016-03-21 18:07:55.592] [INFO] loadAddress - Dummy address obejct load successfully
[2016-03-21 18:08:01.766] [DEBUG] storeController - Inside getstores method
[2016-03-21 18:08:26.912] [DEBUG] storeController - Inside getstores method
[2016-03-21 18:09:49.753] [DEBUG] storeController - Inside getstores method
[2016-03-21 18:24:30.685] [DEBUG] storeController - Inside getstores method
[2016-03-21 18:25:10.007] [DEBUG] storeController - Inside getstores method
[2016-03-21 18:25:22.515] [DEBUG] storeController - Inside getstores method
[2016-03-21 18:26:08.033] [DEBUG] storeController - Inside getstores method
[2016-03-21 18:26:14.296] [DEBUG] storeController - Inside getstores method
[2016-03-21 18:27:46.388] [DEBUG] storeController - Inside getstores method
[2016-03-21 18:30:40.577] [DEBUG] storeController - Inside getstores method
[2016-03-21 18:30:56.028] [DEBUG] storeController - Inside getstores method
[2016-03-21 18:31:40.852] [DEBUG] storeController - Inside getstores method
[2016-03-21 18:34:20.605] [DEBUG] storeController - Inside getstores method
[2016-03-21 18:39:48.262] [DEBUG] storeController - Inside getstores method
[2016-03-21 18:40:08.742] [DEBUG] db - Mongodb connection callback
[2016-03-21 18:40:08.744] [INFO] db - Connection established !
[2016-03-21 18:40:18.637] [DEBUG] storeController - Inside getstores method
[2016-03-21 18:40:58.771] [DEBUG] storeController - Inside getstores method
[2016-03-21 18:52:13.961] [DEBUG] storeController - Inside getstores method
[2016-03-21 18:52:33.971] [DEBUG] storeController - Inside getstores method
[2016-03-21 18:52:47.960] [DEBUG] storeController - Inside getstores method
[2016-03-21 18:53:37.291] [DEBUG] storeController - Inside getstores method
[2016-03-21 18:59:30.407] [DEBUG] db - Mongodb connection callback
[2016-03-21 18:59:30.409] [INFO] db - Connection established !
[2016-03-21 18:59:45.852] [DEBUG] storeController - Inside getstores method
[2016-03-21 18:59:56.458] [DEBUG] storeController - Inside getstores method
[2016-03-21 19:10:46.179] [DEBUG] storeController - Inside getstores method
[2016-03-21 19:12:59.697] [DEBUG] storeController - Inside getstores method
[2016-03-21 19:13:50.623] [DEBUG] storeController - Inside getstores method
[2016-03-21 19:14:35.310] [DEBUG] storeController - Inside getstores method
[2016-03-22 16:01:12.086] [DEBUG] db - Mongodb connection callback
[2016-03-22 16:01:12.088] [INFO] db - Connection established !
[2016-03-22 16:01:26.312] [DEBUG] storeController - Inside getstores method
[2016-03-22 16:23:16.781] [DEBUG] storeController - Inside getstores method
[2016-03-22 16:30:49.311] [DEBUG] storeController - Inside getstores method
[2016-03-22 16:37:49.082] [DEBUG] storeController - Inside getstores method
[2016-03-23 17:52:44.107] [DEBUG] db - Mongodb connection callback
[2016-03-23 18:20:31.204] [DEBUG] db - Mongodb connection callback
[2016-03-23 19:06:57.882] [DEBUG] db - Mongodb connection callback
[2016-03-23 19:06:57.883] [INFO] db - Connection established !
[2016-03-23 19:10:54.794] [DEBUG] db - Mongodb connection callback
[2016-03-23 19:10:54.796] [INFO] db - Connection established !
[2016-03-23 19:10:59.723] [DEBUG] loadAddress - Load dummy address objects
[2016-03-23 19:13:44.774] [DEBUG] db - Mongodb connection callback
[2016-03-23 19:13:44.776] [INFO] db - Connection established !
[2016-03-23 19:13:47.952] [DEBUG] loadAddress - Load dummy address objects
[2016-03-29 22:24:47.306] [DEBUG] db - Mongodb connection callback
[2016-03-29 22:24:47.307] [INFO] db - Connection established !
[2016-03-29 22:24:58.424] [DEBUG] loadAddress - Load dummy address objects
[2016-03-29 22:25:24.057] [DEBUG] loadAddress - Load dummy address objects
[2016-03-29 22:25:52.082] [DEBUG] loadAddress - Load dummy address objects
[2016-03-29 22:27:44.107] [DEBUG] loadAddress - Load dummy address objects
[2016-03-29 22:28:21.197] [INFO] loadAddress - Dummy address obejct load successfully
[2016-03-29 22:29:43.310] [DEBUG] db - Mongodb connection callback
[2016-03-29 22:29:43.310] [INFO] db - Connection established !
[2016-03-29 22:29:49.604] [DEBUG] loadAddress - Load dummy address objects
[2016-03-29 22:30:07.104] [DEBUG] db - Mongodb connection callback
[2016-03-29 22:30:07.105] [INFO] db - Connection established !
[2016-03-29 22:30:15.436] [DEBUG] loadAddress - Load dummy address objects
[2016-03-29 22:30:21.139] [INFO] loadAddress - Dummy address obejct load successfully
[2016-03-29 22:32:14.307] [DEBUG] db - Mongodb connection callback
[2016-03-29 22:32:14.308] [INFO] db - Connection established !
[2016-03-29 22:32:16.895] [DEBUG] loadAddress - Load dummy address objects
[2016-03-29 22:32:16.969] [INFO] loadAddress - Dummy address obejct load successfully
[2016-03-29 22:33:32.019] [DEBUG] db - Mongodb connection callback
[2016-03-29 22:33:32.020] [INFO] db - Connection established !
[2016-03-29 22:34:17.486] [DEBUG] db - Mongodb connection callback
[2016-03-29 22:34:17.488] [INFO] db - Connection established !
[2016-03-29 22:34:21.183] [DEBUG] loadAddress - Load dummy address objects
[2016-03-29 22:34:32.043] [DEBUG] loadAddress - Load dummy address objects
[2016-03-29 22:34:32.128] [INFO] loadAddress - Dummy address obejct load successfully
